mode: set
github.com/maxtong1987/copycat/deepcopy.go:31.55,38.2 2 1
github.com/maxtong1987/copycat/deepcopy.go:40.41,46.20 4 1
github.com/maxtong1987/copycat/deepcopy.go:50.2,50.17 1 1
github.com/maxtong1987/copycat/deepcopy.go:62.2,62.26 1 1
github.com/maxtong1987/copycat/deepcopy.go:101.2,101.12 1 1
github.com/maxtong1987/copycat/deepcopy.go:46.20,48.3 1 1
github.com/maxtong1987/copycat/deepcopy.go:50.17,55.45 2 1
github.com/maxtong1987/copycat/deepcopy.go:59.3,59.27 1 1
github.com/maxtong1987/copycat/deepcopy.go:55.45,58.4 2 1
github.com/maxtong1987/copycat/deepcopy.go:64.22,65.26 1 1
github.com/maxtong1987/copycat/deepcopy.go:67.20,68.22 1 1
github.com/maxtong1987/copycat/deepcopy.go:70.78,71.20 1 1
github.com/maxtong1987/copycat/deepcopy.go:73.83,74.22 1 1
github.com/maxtong1987/copycat/deepcopy.go:76.40,77.24 1 1
github.com/maxtong1987/copycat/deepcopy.go:79.45,80.28 1 0
github.com/maxtong1987/copycat/deepcopy.go:82.22,83.29 1 1
github.com/maxtong1987/copycat/deepcopy.go:85.19,86.26 1 1
github.com/maxtong1987/copycat/deepcopy.go:88.21,89.28 1 1
github.com/maxtong1987/copycat/deepcopy.go:91.21,92.28 1 1
github.com/maxtong1987/copycat/deepcopy.go:94.93,95.13 1 0
github.com/maxtong1987/copycat/deepcopy.go:97.10,98.45 1 0
github.com/maxtong1987/copycat/deepcopy.go:104.46,108.46 4 1
github.com/maxtong1987/copycat/deepcopy.go:117.2,117.47 1 1
github.com/maxtong1987/copycat/deepcopy.go:126.2,126.12 1 1
github.com/maxtong1987/copycat/deepcopy.go:108.46,113.44 5 1
github.com/maxtong1987/copycat/deepcopy.go:113.44,115.4 1 0
github.com/maxtong1987/copycat/deepcopy.go:117.47,122.44 5 0
github.com/maxtong1987/copycat/deepcopy.go:122.44,124.4 1 0
github.com/maxtong1987/copycat/deepcopy.go:129.43,135.41 6 1
github.com/maxtong1987/copycat/deepcopy.go:144.2,144.12 1 1
github.com/maxtong1987/copycat/deepcopy.go:135.41,139.44 4 1
github.com/maxtong1987/copycat/deepcopy.go:142.3,142.40 1 1
github.com/maxtong1987/copycat/deepcopy.go:139.44,141.4 1 0
github.com/maxtong1987/copycat/deepcopy.go:147.45,156.48 9 1
github.com/maxtong1987/copycat/deepcopy.go:160.2,160.27 1 1
github.com/maxtong1987/copycat/deepcopy.go:168.2,168.12 1 1
github.com/maxtong1987/copycat/deepcopy.go:156.48,159.3 2 1
github.com/maxtong1987/copycat/deepcopy.go:160.27,164.44 4 1
github.com/maxtong1987/copycat/deepcopy.go:164.44,166.4 1 0
github.com/maxtong1987/copycat/deepcopy.go:171.45,175.19 4 1
github.com/maxtong1987/copycat/deepcopy.go:178.2,178.27 1 1
github.com/maxtong1987/copycat/deepcopy.go:186.2,186.12 1 1
github.com/maxtong1987/copycat/deepcopy.go:175.19,177.3 1 1
github.com/maxtong1987/copycat/deepcopy.go:178.27,182.44 4 1
github.com/maxtong1987/copycat/deepcopy.go:182.44,184.4 1 0
github.com/maxtong1987/copycat/deepcopy_args.go:18.51,22.2 3 1
github.com/maxtong1987/copycat/deepcopy_args.go:24.48,27.2 2 1
github.com/maxtong1987/copycat/deepcopy_args.go:29.59,31.2 1 1
github.com/maxtong1987/copycat/deepcopy_args.go:33.48,34.6 1 1
github.com/maxtong1987/copycat/deepcopy_args.go:34.6,35.30 1 1
github.com/maxtong1987/copycat/deepcopy_args.go:38.3,38.30 1 1
github.com/maxtong1987/copycat/deepcopy_args.go:42.3,42.15 1 1
github.com/maxtong1987/copycat/deepcopy_args.go:35.30,37.4 1 1
github.com/maxtong1987/copycat/deepcopy_args.go:38.30,41.4 2 1
github.com/maxtong1987/copycat/deepcopy_args.go:46.48,47.6 1 1
github.com/maxtong1987/copycat/deepcopy_args.go:47.6,48.27 1 1
github.com/maxtong1987/copycat/deepcopy_args.go:49.39,50.16 1 1
github.com/maxtong1987/copycat/deepcopy_args.go:51.11,52.12 1 1
github.com/maxtong1987/copycat/deepcopy_cancopy.go:5.53,6.49 1 1
github.com/maxtong1987/copycat/deepcopy_cancopy.go:10.2,12.14 3 1
github.com/maxtong1987/copycat/deepcopy_cancopy.go:15.2,15.28 1 1
github.com/maxtong1987/copycat/deepcopy_cancopy.go:18.2,18.30 1 1
github.com/maxtong1987/copycat/deepcopy_cancopy.go:21.2,21.32 1 1
github.com/maxtong1987/copycat/deepcopy_cancopy.go:24.2,24.36 1 1
github.com/maxtong1987/copycat/deepcopy_cancopy.go:27.2,27.46 1 1
github.com/maxtong1987/copycat/deepcopy_cancopy.go:30.2,30.56 1 0
github.com/maxtong1987/copycat/deepcopy_cancopy.go:33.2,33.14 1 0
github.com/maxtong1987/copycat/deepcopy_cancopy.go:6.49,8.3 1 1
github.com/maxtong1987/copycat/deepcopy_cancopy.go:12.14,14.3 1 1
github.com/maxtong1987/copycat/deepcopy_cancopy.go:15.28,17.3 1 1
github.com/maxtong1987/copycat/deepcopy_cancopy.go:18.30,20.3 1 0
github.com/maxtong1987/copycat/deepcopy_cancopy.go:21.32,23.3 1 0
github.com/maxtong1987/copycat/deepcopy_cancopy.go:24.36,26.3 1 0
github.com/maxtong1987/copycat/deepcopy_cancopy.go:27.46,29.3 1 1
github.com/maxtong1987/copycat/deepcopy_cancopy.go:30.56,32.3 1 0
github.com/maxtong1987/copycat/deepcopy_cancopy.go:36.33,37.11 1 1
github.com/maxtong1987/copycat/deepcopy_cancopy.go:38.78,39.14 1 1
github.com/maxtong1987/copycat/deepcopy_cancopy.go:40.10,41.15 1 1
github.com/maxtong1987/copycat/deepcopy_cancopy.go:45.34,46.11 1 1
github.com/maxtong1987/copycat/deepcopy_cancopy.go:47.83,48.14 1 0
github.com/maxtong1987/copycat/deepcopy_cancopy.go:49.10,50.15 1 1
github.com/maxtong1987/copycat/deepcopy_cancopy.go:54.37,55.11 1 1
github.com/maxtong1987/copycat/deepcopy_cancopy.go:56.45,57.14 1 0
github.com/maxtong1987/copycat/deepcopy_cancopy.go:58.10,59.15 1 1
github.com/maxtong1987/copycat/deepcopy_cancopy.go:63.35,64.11 1 1
github.com/maxtong1987/copycat/deepcopy_cancopy.go:65.40,66.14 1 0
github.com/maxtong1987/copycat/deepcopy_cancopy.go:67.10,68.15 1 1
github.com/maxtong1987/copycat/deepcopy_cancopy.go:72.42,73.11 1 1
github.com/maxtong1987/copycat/deepcopy_cancopy.go:74.36,75.14 1 1
github.com/maxtong1987/copycat/deepcopy_cancopy.go:76.10,77.15 1 0
github.com/maxtong1987/copycat/deepcopy_cancopy.go:81.47,82.11 1 0
github.com/maxtong1987/copycat/deepcopy_cancopy.go:83.41,84.14 1 0
github.com/maxtong1987/copycat/deepcopy_cancopy.go:85.10,86.15 1 0
